C:\USERS\DBASMAN\DOCUMENTS\VISUAL STUDIO 2012\PROJECTS\RECORDSTORE\RECORDSTORE\DEBUG\BSTREE.OBJ
C:\USERS\DBASMAN\DOCUMENTS\VISUAL STUDIO 2012\PROJECTS\RECORDSTORE\RECORDSTORE\DEBUG\CLASSICALCD.OBJ
C:\USERS\DBASMAN\DOCUMENTS\VISUAL STUDIO 2012\PROJECTS\RECORDSTORE\RECORDSTORE\DEBUG\CUSTOMER.OBJ
C:\USERS\DBASMAN\DOCUMENTS\VISUAL STUDIO 2012\PROJECTS\RECORDSTORE\RECORDSTORE\DEBUG\DISK.OBJ
C:\USERS\DBASMAN\DOCUMENTS\VISUAL STUDIO 2012\PROJECTS\RECORDSTORE\RECORDSTORE\DEBUG\DRIVER.OBJ
C:\USERS\DBASMAN\DOCUMENTS\VISUAL STUDIO 2012\PROJECTS\RECORDSTORE\RECORDSTORE\DEBUG\DVD.OBJ
C:\USERS\DBASMAN\DOCUMENTS\VISUAL STUDIO 2012\PROJECTS\RECORDSTORE\RECORDSTORE\DEBUG\INVENTORY.OBJ
C:\USERS\DBASMAN\DOCUMENTS\VISUAL STUDIO 2012\PROJECTS\RECORDSTORE\RECORDSTORE\DEBUG\RECORDSTORE.OBJ
C:\USERS\DBASMAN\DOCUMENTS\VISUAL STUDIO 2012\PROJECTS\RECORDSTORE\RECORDSTORE\DEBUG\ROCKCD.OBJ
C:\USERS\DBASMAN\DOCUMENTS\VISUAL STUDIO 2012\PROJECTS\RECORDSTORE\RECORDSTORE\DEBUG\TRANSACTIONS.OBJ
C:\USERS\DBASMAN\DOCUMENTS\VISUAL STUDIO 2012\PROJECTS\RECORDSTORE\RECORDSTORE\DEBUG\TRANSHISTORY.OBJ
C:\USERS\DBASMAN\DOCUMENTS\VISUAL STUDIO 2012\PROJECTS\RECORDSTORE\RECORDSTORE\DEBUG\TRANSHISTORYALL.OBJ
C:\USERS\DBASMAN\DOCUMENTS\VISUAL STUDIO 2012\PROJECTS\RECORDSTORE\RECORDSTORE\DEBUG\TRANSINVENTORY.OBJ
C:\USERS\DBASMAN\DOCUMENTS\VISUAL STUDIO 2012\PROJECTS\RECORDSTORE\RECORDSTORE\DEBUG\TRANSPURCHASE.OBJ
C:\USERS\DBASMAN\DOCUMENTS\VISUAL STUDIO 2012\PROJECTS\RECORDSTORE\RECORDSTORE\DEBUG\TRANSTRADEIN.OBJ
C:\USERS\DBASMAN\DOCUMENTS\VISUAL STUDIO 2012\PROJECTS\RECORDSTORE\RECORDSTORE\DEBUG\TREEDATA.OBJ
C:\USERS\DBASMAN\DOCUMENTS\VISUAL STUDIO 2012\PROJECTS\RECORDSTORE\RECORDSTORE\DEBUG\VC110.PDB
C:\USERS\DBASMAN\DOCUMENTS\VISUAL STUDIO 2012\PROJECTS\RECORDSTORE\DEBUG\RECORDSTORE.ILK
C:\USERS\DBASMAN\DOCUMENTS\VISUAL STUDIO 2012\PROJECTS\RECORDSTORE\DEBUG\RECORDSTORE.EXE
C:\USERS\DBASMAN\DOCUMENTS\VISUAL STUDIO 2012\PROJECTS\RECORDSTORE\DEBUG\RECORDSTORE.PDB
C:\Users\DBasman\Documents\Visual Studio 2012\Projects\RecordStore\RecordStore\Debug\BSTree.obj
C:\Users\DBasman\Documents\Visual Studio 2012\Projects\RecordStore\RecordStore\Debug\ClassicalCD.obj
C:\Users\DBasman\Documents\Visual Studio 2012\Projects\RecordStore\RecordStore\Debug\Customer.obj
C:\Users\DBasman\Documents\Visual Studio 2012\Projects\RecordStore\RecordStore\Debug\Disk.obj
C:\Users\DBasman\Documents\Visual Studio 2012\Projects\RecordStore\RecordStore\Debug\Driver.obj
C:\Users\DBasman\Documents\Visual Studio 2012\Projects\RecordStore\RecordStore\Debug\DVD.obj
C:\Users\DBasman\Documents\Visual Studio 2012\Projects\RecordStore\RecordStore\Debug\Inventory.obj
C:\Users\DBasman\Documents\Visual Studio 2012\Projects\RecordStore\RecordStore\Debug\RecordStore.obj
C:\Users\DBasman\Documents\Visual Studio 2012\Projects\RecordStore\RecordStore\Debug\RockCD.obj
C:\Users\DBasman\Documents\Visual Studio 2012\Projects\RecordStore\RecordStore\Debug\Transactions.obj
C:\Users\DBasman\Documents\Visual Studio 2012\Projects\RecordStore\RecordStore\Debug\TransHistory.obj
C:\Users\DBasman\Documents\Visual Studio 2012\Projects\RecordStore\RecordStore\Debug\TransHistoryAll.obj
C:\Users\DBasman\Documents\Visual Studio 2012\Projects\RecordStore\RecordStore\Debug\TransInventory.obj
C:\Users\DBasman\Documents\Visual Studio 2012\Projects\RecordStore\RecordStore\Debug\TransPurchase.obj
C:\Users\DBasman\Documents\Visual Studio 2012\Projects\RecordStore\RecordStore\Debug\TransTradeIn.obj
C:\Users\DBasman\Documents\Visual Studio 2012\Projects\RecordStore\RecordStore\Debug\TreeData.obj
C:\Users\DBasman\Documents\Visual Studio 2012\Projects\RecordStore\RecordStore\Debug\cl.command.1.tlog
C:\Users\DBasman\Documents\Visual Studio 2012\Projects\RecordStore\RecordStore\Debug\CL.read.1.tlog
C:\Users\DBasman\Documents\Visual Studio 2012\Projects\RecordStore\RecordStore\Debug\CL.write.1.tlog
C:\Users\DBasman\Documents\Visual Studio 2012\Projects\RecordStore\RecordStore\Debug\link-cvtres.read.1.tlog
C:\Users\DBasman\Documents\Visual Studio 2012\Projects\RecordStore\RecordStore\Debug\link-cvtres.write.1.tlog
C:\Users\DBasman\Documents\Visual Studio 2012\Projects\RecordStore\RecordStore\Debug\link-rc.read.1.tlog
C:\Users\DBasman\Documents\Visual Studio 2012\Projects\RecordStore\RecordStore\Debug\link-rc.write.1.tlog
C:\Users\DBasman\Documents\Visual Studio 2012\Projects\RecordStore\RecordStore\Debug\link.command.1.tlog
C:\Users\DBasman\Documents\Visual Studio 2012\Projects\RecordStore\RecordStore\Debug\link.read.1.tlog
C:\Users\DBasman\Documents\Visual Studio 2012\Projects\RecordStore\RecordStore\Debug\link.write.1.tlog
C:\Users\DBasman\Documents\Visual Studio 2012\Projects\RecordStore\RecordStore\Debug\vc110.idb
C:\Users\DBasman\Documents\Visual Studio 2012\Projects\RecordStore\RecordStore\Debug\vc110.pdb
C:\Users\DBasman\Documents\Visual Studio 2012\Projects\RecordStore\Debug\RecordStore.pdb
C:\Users\DBasman\Documents\Visual Studio 2012\Projects\RecordStore\Debug\RecordStore.exe
C:\Users\DBasman\Documents\Visual Studio 2012\Projects\RecordStore\Debug\RecordStore.ilk
