Build started 3/6/2015 10:51:27 AM.
     1>Project "C:\Users\DBasman\documents\visual studio 2012\Projects\RecordStore\RecordStore\RecordStore.vcxproj" on node 2 (Build target(s)).
     1>ClCompile:
         C:\Program Files (x86)\Microsoft Visual Studio 11.0\VC\bin\CL.exe /c /ZI /nologo /W3 /WX- /Od /Oy- /D _MBCS /Gm /EHsc /RTC1 /MDd /GS /fp:precise /Zc:wchar_t /Zc:forScope /Fo"Debug\\" /Fd"Debug\vc110.pdb" /Gd /TP /analyze- /errorReport:prompt BSTree.cpp
         BSTree.cpp
     1>c:\users\dbasman\documents\visual studio 2012\projects\recordstore\recordstore\bstree.cpp(270): warning C4715: 'BSTree::outputHelper' : not all control paths return a value
       Link:
         C:\Program Files (x86)\Microsoft Visual Studio 11.0\VC\bin\link.exe /ERRORREPORT:PROMPT /OUT:"C:\Users\DBasman\documents\visual studio 2012\Projects\RecordStore\Debug\RecordStore.exe" /INCREMENTAL /NOLOGO kernel32.lib user32.lib gdi32.lib winspool.lib comdlg32.lib advapi32.lib shell32.lib ole32.lib oleaut32.lib uuid.lib odbc32.lib odbccp32.lib /MANIFEST /MANIFESTUAC:"level='asInvoker' uiAccess='false'" /manifest:embed /DEBUG /PDB:"C:\Users\DBasman\documents\visual studio 2012\Projects\RecordStore\Debug\RecordStore.pdb" /TLBID:1 /DYNAMICBASE /NXCOMPAT /IMPLIB:"C:\Users\DBasman\documents\visual studio 2012\Projects\RecordStore\Debug\RecordStore.lib" /MACHINE:X86 Debug\BSTree.obj
         Debug\ClassicalCD.obj
         Debug\Customer.obj
         Debug\Disk.obj
         Debug\Driver.obj
         Debug\DVD.obj
         Debug\Inventory.obj
         Debug\RecordStore.obj
         Debug\RockCD.obj
         Debug\Transactions.obj
         Debug\TransHistory.obj
         Debug\TransHistoryAll.obj
         Debug\TransInventory.obj
         Debug\TransPurchase.obj
         Debug\TransTradeIn.obj
         Debug\TreeData.obj
         RecordStore.vcxproj -> C:\Users\DBasman\documents\visual studio 2012\Projects\RecordStore\Debug\RecordStore.exe
     1>Done Building Project "C:\Users\DBasman\documents\visual studio 2012\Projects\RecordStore\RecordStore\RecordStore.vcxproj" (Build target(s)).

Build succeeded.

Time Elapsed 00:00:01.69
